Arguments: 
  /home/cecile/.nvm/versions/node/v20.5.0/bin/node /usr/bin/yarn install

PATH: 
  /home/cecile/.nvm/versions/node/v20.5.0/bin:/home/cecile/.local/bin:/usr/local/sbin:/usr/local/bin:/usr/sbin:/usr/bin:/sbin:/bin:/usr/games:/usr/local/games:/snap/bin:/snap/bin:/home/cecile/.local/share/JetBrains/Toolbox/scripts:/home/cecile/.local/bin:/usr/local/go/bin:/home/cecile/.local/bin:/home/cecile/.foundry/bin

Yarn version: 
  1.22.19

Node version: 
  20.5.0

Platform: 
  linux x64

Trace: 
  SyntaxError: /home/cecile/AlyraCour/DApp/ecogreenfund/backend/package.json: Expected double-quoted property name in JSON at position 211
      at JSON.parse (<anonymous>)
      at /usr/lib/node_modules/yarn/lib/cli.js:1629:59
      at Generator.next (<anonymous>)
      at step (/usr/lib/node_modules/yarn/lib/cli.js:310:30)
      at /usr/lib/node_modules/yarn/lib/cli.js:321:13

npm manifest: 
  {
    "name": "ecochainfund-backend",
    "version": "1.0.0",
    "main": "index.js",
    "author": "cecile",
    "license": "MIT",
    "dependencies": {
      "@openzeppelin/contracts": "^5.0.1",
      "hardhat": "^2.19.4",
    },
    "devDependencies": {
      "@nomicfoundation/hardhat-chai-matchers": "2.0.0",
      "@nomicfoundation/hardhat-ethers": "3.0.0",
      "@nomicfoundation/hardhat-network-helpers": "1.0.0",
      "@nomicfoundation/hardhat-toolbox": "4.0.0",
      "@nomicfoundation/hardhat-verify": "2.0.0",
      "@typechain/ethers-v6": "0.5.0",
      "@typechain/hardhat": "9.0.0",
      "chai": "4.2.0",
      "ethers": "6.4.0",
      "hardhat-gas-reporter": "1.0.8",
      "solidity-coverage": "0.8.0",
      "typechain": "8.3.0"
    }
  }

yarn manifest: 
  No manifest

Lockfile: 
  No lockfile
